[07-Dec-2020 22:02:27 UTC] PHP Parse error:  syntax error, unexpected ')', expecting ']' in C:\www\Assignment5\includes\signup-inc.php on line 3
[07-Dec-2020 22:52:08 UTC] PHP Parse error:  syntax error, unexpected '$_POST' (T_VARIABLE) in C:\www\Assignment5\includes\signup-inc.php on line 8
[07-Dec-2020 22:53:02 UTC] PHP Parse error:  syntax error, unexpected '$_POST' (T_VARIABLE) in C:\www\Assignment5\includes\signup-inc.php on line 8
[07-Dec-2020 22:53:23 UTC] PHP Parse error:  syntax error, unexpected '$_POST' (T_VARIABLE) in C:\www\Assignment5\includes\signup-inc.php on line 8
[07-Dec-2020 22:53:37 UTC] PHP Parse error:  syntax error, unexpected ',' in C:\www\Assignment5\includes\functions-inc.php on line 16
[07-Dec-2020 23:01:25 UTC] PHP Parse error:  syntax error, unexpected ',' in C:\www\Assignment5\includes\functions-inc.php on line 16
[07-Dec-2020 23:02:15 UTC] PHP Parse error:  syntax error, unexpected '$username' (T_VARIABLE) in C:\www\Assignment5\includes\functions-inc.php on line 16
[07-Dec-2020 23:02:23 UTC] PHP Parse error:  syntax error, unexpected ',' in C:\www\Assignment5\includes\functions-inc.php on line 16
[07-Dec-2020 23:19:35 UTC] PHP Warning:  Use of undefined constant pwd - assumed 'pwd' (this will throw an Error in a future version of PHP) in C:\www\Assignment5\includes\functions-inc.php on line 38
[07-Dec-2020 23:19:49 UTC] PHP Warning:  Use of undefined constant pwd - assumed 'pwd' (this will throw an Error in a future version of PHP) in C:\www\Assignment5\includes\functions-inc.php on line 38
[08-Dec-2020 01:03:51 UTC] PHP Parse error:  syntax error, unexpected '{' in C:\www\Assignment5\includes\functions-inc.php on line 98
[08-Dec-2020 01:04:11 UTC] PHP Parse error:  syntax error, unexpected 'if' (T_IF) in C:\www\Assignment5\includes\functions-inc.php on line 111
[08-Dec-2020 03:52:16 UTC] PHP Notice:  Undefined variable: _ in C:\www\Assignment5\includes\signup-inc.php on line 9
[08-Dec-2020 03:52:16 UTC] PHP Notice:  Trying to access array offset on value of type null in C:\www\Assignment5\includes\signup-inc.php on line 9
[08-Dec-2020 03:52:16 UTC] PHP Warning:  mysqli_stmt_bind_param(): Number of variables doesn't match number of parameters in prepared statement in C:\www\Assignment5\includes\functions-inc.php on line 87
[08-Dec-2020 03:52:40 UTC] PHP Notice:  Undefined variable: _ in C:\www\Assignment5\includes\signup-inc.php on line 9
[08-Dec-2020 03:52:40 UTC] PHP Notice:  Trying to access array offset on value of type null in C:\www\Assignment5\includes\signup-inc.php on line 9
[08-Dec-2020 03:52:40 UTC] PHP Warning:  mysqli_stmt_bind_param(): Number of variables doesn't match number of parameters in prepared statement in C:\www\Assignment5\includes\functions-inc.php on line 87
[08-Dec-2020 03:54:24 UTC] PHP Notice:  Undefined variable: _ in C:\www\Assignment5\includes\signup-inc.php on line 9
[08-Dec-2020 03:54:24 UTC] PHP Notice:  Trying to access array offset on value of type null in C:\www\Assignment5\includes\signup-inc.php on line 9
[08-Dec-2020 03:54:24 UTC] PHP Warning:  mysqli_stmt_bind_param(): Number of variables doesn't match number of parameters in prepared statement in C:\www\Assignment5\includes\functions-inc.php on line 87
[08-Dec-2020 03:55:26 UTC] PHP Warning:  mysqli_stmt_bind_param(): Number of variables doesn't match number of parameters in prepared statement in C:\www\Assignment5\includes\functions-inc.php on line 87
[08-Dec-2020 03:59:06 UTC] PHP Warning:  mysqli_stmt_bind_param(): Number of variables doesn't match number of parameters in prepared statement in C:\www\Assignment5\includes\functions-inc.php on line 87
[08-Dec-2020 04:03:06 UTC] PHP Warning:  mysqli_stmt_bind_param(): Number of variables doesn't match number of parameters in prepared statement in C:\www\Assignment5\includes\functions-inc.php on line 87
[08-Dec-2020 04:05:23 UTC] PHP Warning:  mysqli_stmt_bind_param(): Number of variables doesn't match number of parameters in prepared statement in C:\www\Assignment5\includes\functions-inc.php on line 87
[08-Dec-2020 04:26:24 UTC] PHP Warning:  mysqli_stmt_bind_param(): Number of variables doesn't match number of parameters in prepared statement in C:\www\Assignment5\includes\functions-inc.php on line 87
[08-Dec-2020 04:34:27 UTC] PHP Warning:  mysqli_stmt_bind_param(): Number of variables doesn't match number of parameters in prepared statement in C:\www\Assignment5\includes\functions-inc.php on line 87
[08-Dec-2020 17:46:08 UTC] PHP Parse error:  syntax error, unexpected ';', expecting '{' in C:\www\Assignment5\includes\edit-inc.php on line 9
[08-Dec-2020 17:47:11 UTC] PHP Fatal error:  Uncaught Error: Call to undefined function loadReport() in C:\www\Assignment5\includes\edit-inc.php:9
Stack trace:
#0 {main}
  thrown in C:\www\Assignment5\includes\edit-inc.php on line 9
[08-Dec-2020 20:17:13 UTC] PHP Notice:  Undefined variable: uid in C:\www\Assignment5\includes\delete-inc.php on line 11
[08-Dec-2020 20:17:17 UTC] PHP Notice:  Undefined variable: uid in C:\www\Assignment5\includes\delete-inc.php on line 11
[08-Dec-2020 20:17:28 UTC] PHP Notice:  Undefined variable: uid in C:\www\Assignment5\includes\delete-inc.php on line 11
[08-Dec-2020 20:17:29 UTC] PHP Notice:  Undefined variable: uid in C:\www\Assignment5\includes\delete-inc.php on line 11
[08-Dec-2020 20:20:13 UTC] PHP Notice:  Undefined variable: uid in C:\www\Assignment5\includes\delete-inc.php on line 13
[08-Dec-2020 20:20:39 UTC] PHP Notice:  Undefined variable: uId in C:\www\Assignment5\includes\delete-inc.php on line 13
[08-Dec-2020 21:09:41 UTC] PHP Notice:  Undefined variable: name in C:\www\Assignment5\includes\edit-inc.php on line 11
[08-Dec-2020 21:09:41 UTC] PHP Notice:  Undefined variable: email in C:\www\Assignment5\includes\edit-inc.php on line 11
[08-Dec-2020 21:09:41 UTC] PHP Notice:  Undefined variable: pwd in C:\www\Assignment5\includes\edit-inc.php on line 11
[08-Dec-2020 21:09:41 UTC] PHP Notice:  Undefined variable: background in C:\www\Assignment5\includes\edit-inc.php on line 11
[08-Dec-2020 21:09:41 UTC] PHP Notice:  Undefined variable: uId in C:\www\Assignment5\includes\edit-inc.php on line 11
[08-Dec-2020 21:11:21 UTC] PHP Notice:  Undefined variable: name in C:\www\Assignment5\includes\edit-inc.php on line 11
[08-Dec-2020 21:11:21 UTC] PHP Notice:  Undefined variable: email in C:\www\Assignment5\includes\edit-inc.php on line 11
[08-Dec-2020 21:11:21 UTC] PHP Notice:  Undefined variable: pwd in C:\www\Assignment5\includes\edit-inc.php on line 11
[08-Dec-2020 21:11:21 UTC] PHP Notice:  Undefined variable: background in C:\www\Assignment5\includes\edit-inc.php on line 11
[08-Dec-2020 21:11:21 UTC] PHP Notice:  Undefined variable: uId in C:\www\Assignment5\includes\edit-inc.php on line 11
[08-Dec-2020 21:12:30 UTC] PHP Notice:  Undefined variable: name in C:\www\Assignment5\includes\edit-inc.php on line 11
[08-Dec-2020 21:12:30 UTC] PHP Notice:  Undefined variable: email in C:\www\Assignment5\includes\edit-inc.php on line 11
[08-Dec-2020 21:12:30 UTC] PHP Notice:  Undefined variable: pwd in C:\www\Assignment5\includes\edit-inc.php on line 11
[08-Dec-2020 21:12:30 UTC] PHP Notice:  Undefined variable: background in C:\www\Assignment5\includes\edit-inc.php on line 11
[08-Dec-2020 21:12:30 UTC] PHP Notice:  Undefined variable: uId in C:\www\Assignment5\includes\edit-inc.php on line 11
[08-Dec-2020 21:12:47 UTC] PHP Notice:  Undefined variable: name in C:\www\Assignment5\includes\edit-inc.php on line 11
[08-Dec-2020 21:12:47 UTC] PHP Notice:  Undefined variable: email in C:\www\Assignment5\includes\edit-inc.php on line 11
[08-Dec-2020 21:12:47 UTC] PHP Notice:  Undefined variable: pwd in C:\www\Assignment5\includes\edit-inc.php on line 11
[08-Dec-2020 21:12:47 UTC] PHP Notice:  Undefined variable: background in C:\www\Assignment5\includes\edit-inc.php on line 11
[08-Dec-2020 21:12:47 UTC] PHP Notice:  Undefined variable: uId in C:\www\Assignment5\includes\edit-inc.php on line 11
[08-Dec-2020 21:13:42 UTC] PHP Notice:  Undefined variable: name in C:\www\Assignment5\includes\edit-inc.php on line 11
[08-Dec-2020 21:13:42 UTC] PHP Notice:  Undefined variable: email in C:\www\Assignment5\includes\edit-inc.php on line 11
[08-Dec-2020 21:13:42 UTC] PHP Notice:  Undefined variable: pwd in C:\www\Assignment5\includes\edit-inc.php on line 11
[08-Dec-2020 21:13:42 UTC] PHP Notice:  Undefined variable: background in C:\www\Assignment5\includes\edit-inc.php on line 11
[08-Dec-2020 21:13:42 UTC] PHP Notice:  Undefined variable: uId in C:\www\Assignment5\includes\edit-inc.php on line 11
[08-Dec-2020 21:14:01 UTC] PHP Notice:  Undefined variable: name in C:\www\Assignment5\includes\edit-inc.php on line 11
[08-Dec-2020 21:14:01 UTC] PHP Notice:  Undefined variable: email in C:\www\Assignment5\includes\edit-inc.php on line 11
[08-Dec-2020 21:14:01 UTC] PHP Notice:  Undefined variable: pwd in C:\www\Assignment5\includes\edit-inc.php on line 11
[08-Dec-2020 21:14:01 UTC] PHP Notice:  Undefined variable: background in C:\www\Assignment5\includes\edit-inc.php on line 11
[08-Dec-2020 21:14:01 UTC] PHP Notice:  Undefined variable: uId in C:\www\Assignment5\includes\edit-inc.php on line 11
[08-Dec-2020 21:15:56 UTC] PHP Notice:  Undefined variable: name in C:\www\Assignment5\includes\edit-inc.php on line 11
[08-Dec-2020 21:15:56 UTC] PHP Notice:  Undefined variable: email in C:\www\Assignment5\includes\edit-inc.php on line 11
[08-Dec-2020 21:15:56 UTC] PHP Notice:  Undefined variable: pwd in C:\www\Assignment5\includes\edit-inc.php on line 11
[08-Dec-2020 21:15:56 UTC] PHP Notice:  Undefined variable: background in C:\www\Assignment5\includes\edit-inc.php on line 11
[08-Dec-2020 21:15:56 UTC] PHP Notice:  Undefined variable: uId in C:\www\Assignment5\includes\edit-inc.php on line 11
[08-Dec-2020 21:16:26 UTC] PHP Notice:  Undefined variable: name in C:\www\Assignment5\includes\edit-inc.php on line 11
[08-Dec-2020 21:16:26 UTC] PHP Notice:  Undefined variable: email in C:\www\Assignment5\includes\edit-inc.php on line 11
[08-Dec-2020 21:16:26 UTC] PHP Notice:  Undefined variable: pwd in C:\www\Assignment5\includes\edit-inc.php on line 11
[08-Dec-2020 21:16:27 UTC] PHP Notice:  Undefined variable: background in C:\www\Assignment5\includes\edit-inc.php on line 11
[08-Dec-2020 21:16:27 UTC] PHP Notice:  Undefined variable: uId in C:\www\Assignment5\includes\edit-inc.php on line 11
[08-Dec-2020 21:18:20 UTC] PHP Notice:  Undefined variable: name in C:\www\Assignment5\includes\edit-inc.php on line 11
[08-Dec-2020 21:18:20 UTC] PHP Notice:  Undefined variable: email in C:\www\Assignment5\includes\edit-inc.php on line 11
[08-Dec-2020 21:18:20 UTC] PHP Notice:  Undefined variable: pwd in C:\www\Assignment5\includes\edit-inc.php on line 11
[08-Dec-2020 21:18:20 UTC] PHP Notice:  Undefined variable: background in C:\www\Assignment5\includes\edit-inc.php on line 11
[08-Dec-2020 21:18:20 UTC] PHP Notice:  Undefined variable: uId in C:\www\Assignment5\includes\edit-inc.php on line 11
[08-Dec-2020 21:18:56 UTC] PHP Notice:  Undefined variable: name in C:\www\Assignment5\includes\edit-inc.php on line 11
[08-Dec-2020 21:18:56 UTC] PHP Notice:  Undefined variable: email in C:\www\Assignment5\includes\edit-inc.php on line 11
[08-Dec-2020 21:18:56 UTC] PHP Notice:  Undefined variable: pwd in C:\www\Assignment5\includes\edit-inc.php on line 11
[08-Dec-2020 21:18:56 UTC] PHP Notice:  Undefined variable: background in C:\www\Assignment5\includes\edit-inc.php on line 11
[08-Dec-2020 21:18:56 UTC] PHP Notice:  Undefined variable: uId in C:\www\Assignment5\includes\edit-inc.php on line 11
[08-Dec-2020 21:22:01 UTC] PHP Notice:  Undefined variable: name in C:\www\Assignment5\includes\edit-inc.php on line 11
[08-Dec-2020 21:22:01 UTC] PHP Notice:  Undefined variable: email in C:\www\Assignment5\includes\edit-inc.php on line 11
[08-Dec-2020 21:22:01 UTC] PHP Notice:  Undefined variable: pwd in C:\www\Assignment5\includes\edit-inc.php on line 11
[08-Dec-2020 21:22:01 UTC] PHP Notice:  Undefined variable: background in C:\www\Assignment5\includes\edit-inc.php on line 11
[08-Dec-2020 21:22:01 UTC] PHP Notice:  Undefined variable: uId in C:\www\Assignment5\includes\edit-inc.php on line 11
[08-Dec-2020 21:22:01 UTC] PHP Fatal error:  Uncaught Error: Call to undefined function mysqli_querty() in C:\www\Assignment5\includes\functions-inc.php:238
Stack trace:
#0 C:\www\Assignment5\includes\edit-inc.php(11): updateUser(Object(mysqli), NULL, NULL, 'root', NULL, NULL, NULL)
#1 {main}
  thrown in C:\www\Assignment5\includes\functions-inc.php on line 238
[08-Dec-2020 21:24:07 UTC] PHP Notice:  Undefined index: name in C:\www\Assignment5\includes\edit-inc.php on line 11
[08-Dec-2020 21:24:07 UTC] PHP Notice:  Undefined index: email in C:\www\Assignment5\includes\edit-inc.php on line 12
[08-Dec-2020 21:24:07 UTC] PHP Notice:  Undefined index: uid in C:\www\Assignment5\includes\edit-inc.php on line 13
[08-Dec-2020 21:24:07 UTC] PHP Notice:  Undefined index: pwd in C:\www\Assignment5\includes\edit-inc.php on line 14
[08-Dec-2020 21:24:07 UTC] PHP Notice:  Undefined index: pwdrepeat in C:\www\Assignment5\includes\edit-inc.php on line 15
[08-Dec-2020 21:24:07 UTC] PHP Notice:  Undefined index: background in C:\www\Assignment5\includes\edit-inc.php on line 16
[08-Dec-2020 21:24:07 UTC] PHP Notice:  Undefined variable: uId in C:\www\Assignment5\includes\edit-inc.php on line 18
[08-Dec-2020 21:24:07 UTC] PHP Fatal error:  Uncaught Error: Call to undefined function mysqli_querty() in C:\www\Assignment5\includes\functions-inc.php:238
Stack trace:
#0 C:\www\Assignment5\includes\edit-inc.php(18): updateUser(Object(mysqli), NULL, NULL, NULL, NULL, NULL, NULL)
#1 {main}
  thrown in C:\www\Assignment5\includes\functions-inc.php on line 238
[08-Dec-2020 21:27:04 UTC] PHP Parse error:  syntax error, unexpected 'name' (T_STRING), expecting ']' in C:\www\Assignment5\includes\edit-inc.php on line 12
[08-Dec-2020 21:27:28 UTC] PHP Notice:  Undefined index: uId in C:\www\Assignment5\includes\edit-inc.php on line 11
[08-Dec-2020 21:27:28 UTC] PHP Notice:  Undefined index: name in C:\www\Assignment5\includes\edit-inc.php on line 12
[08-Dec-2020 21:27:28 UTC] PHP Notice:  Undefined index: email in C:\www\Assignment5\includes\edit-inc.php on line 13
[08-Dec-2020 21:27:28 UTC] PHP Notice:  Undefined index: uid in C:\www\Assignment5\includes\edit-inc.php on line 14
[08-Dec-2020 21:27:28 UTC] PHP Notice:  Undefined index: pwd in C:\www\Assignment5\includes\edit-inc.php on line 15
[08-Dec-2020 21:27:28 UTC] PHP Notice:  Undefined index: pwdrepeat in C:\www\Assignment5\includes\edit-inc.php on line 16
[08-Dec-2020 21:27:28 UTC] PHP Notice:  Undefined index: background in C:\www\Assignment5\includes\edit-inc.php on line 17
[08-Dec-2020 21:27:28 UTC] PHP Fatal error:  Uncaught ArgumentCountError: Too few arguments to function updateUser(), 6 passed in C:\www\Assignment5\includes\edit-inc.php on line 19 and exactly 7 expected in C:\www\Assignment5\includes\functions-inc.php:237
Stack trace:
#0 C:\www\Assignment5\includes\edit-inc.php(19): updateUser(Object(mysqli), NULL, NULL, NULL, NULL, NULL)
#1 {main}
  thrown in C:\www\Assignment5\includes\functions-inc.php on line 237
[08-Dec-2020 21:28:56 UTC] PHP Notice:  Undefined index: uId in C:\www\Assignment5\includes\edit-inc.php on line 11
[08-Dec-2020 21:28:56 UTC] PHP Notice:  Undefined index: name in C:\www\Assignment5\includes\edit-inc.php on line 12
[08-Dec-2020 21:28:56 UTC] PHP Notice:  Undefined index: email in C:\www\Assignment5\includes\edit-inc.php on line 13
[08-Dec-2020 21:28:56 UTC] PHP Notice:  Undefined index: uid in C:\www\Assignment5\includes\edit-inc.php on line 14
[08-Dec-2020 21:28:56 UTC] PHP Notice:  Undefined index: pwd in C:\www\Assignment5\includes\edit-inc.php on line 15
[08-Dec-2020 21:28:56 UTC] PHP Notice:  Undefined index: background in C:\www\Assignment5\includes\edit-inc.php on line 17
[08-Dec-2020 21:28:56 UTC] PHP Fatal error:  Uncaught Error: Call to undefined function mysqli_querty() in C:\www\Assignment5\includes\functions-inc.php:239
Stack trace:
#0 C:\www\Assignment5\includes\edit-inc.php(19): updateUser(Object(mysqli), NULL, NULL, NULL, NULL, NULL, NULL)
#1 {main}
  thrown in C:\www\Assignment5\includes\functions-inc.php on line 239
[08-Dec-2020 21:30:28 UTC] PHP Notice:  Undefined index: uId in C:\www\Assignment5\includes\edit-inc.php on line 11
[08-Dec-2020 21:30:28 UTC] PHP Notice:  Undefined index: name in C:\www\Assignment5\includes\edit-inc.php on line 12
[08-Dec-2020 21:30:28 UTC] PHP Notice:  Undefined index: email in C:\www\Assignment5\includes\edit-inc.php on line 13
[08-Dec-2020 21:30:28 UTC] PHP Notice:  Undefined index: uid in C:\www\Assignment5\includes\edit-inc.php on line 14
[08-Dec-2020 21:30:28 UTC] PHP Notice:  Undefined index: pwd in C:\www\Assignment5\includes\edit-inc.php on line 15
[08-Dec-2020 21:30:28 UTC] PHP Notice:  Undefined index: background in C:\www\Assignment5\includes\edit-inc.php on line 17
[08-Dec-2020 21:30:28 UTC] PHP Fatal error:  Uncaught Error: Call to undefined function mysqli_querty() in C:\www\Assignment5\includes\functions-inc.php:238
Stack trace:
#0 C:\www\Assignment5\includes\edit-inc.php(19): updateUser(Object(mysqli), NULL, NULL, NULL, NULL, NULL, NULL)
#1 {main}
  thrown in C:\www\Assignment5\includes\functions-inc.php on line 238
[08-Dec-2020 21:30:46 UTC] PHP Notice:  Undefined index: name in C:\www\Assignment5\includes\edit-inc.php on line 12
[08-Dec-2020 21:30:46 UTC] PHP Notice:  Undefined index: email in C:\www\Assignment5\includes\edit-inc.php on line 13
[08-Dec-2020 21:30:46 UTC] PHP Notice:  Undefined index: uid in C:\www\Assignment5\includes\edit-inc.php on line 14
[08-Dec-2020 21:30:46 UTC] PHP Notice:  Undefined index: pwd in C:\www\Assignment5\includes\edit-inc.php on line 15
[08-Dec-2020 21:30:46 UTC] PHP Notice:  Undefined index: background in C:\www\Assignment5\includes\edit-inc.php on line 17
[08-Dec-2020 21:30:46 UTC] PHP Fatal error:  Uncaught Error: Call to undefined function mysqli_querty() in C:\www\Assignment5\includes\functions-inc.php:238
Stack trace:
#0 C:\www\Assignment5\includes\edit-inc.php(19): updateUser(Object(mysqli), '1', NULL, NULL, NULL, NULL, NULL)
#1 {main}
  thrown in C:\www\Assignment5\includes\functions-inc.php on line 238
[08-Dec-2020 21:31:58 UTC] PHP Notice:  Undefined index: userName in C:\www\Assignment5\includes\edit-inc.php on line 12
[08-Dec-2020 21:31:58 UTC] PHP Notice:  Undefined index: userEmail in C:\www\Assignment5\includes\edit-inc.php on line 13
[08-Dec-2020 21:31:58 UTC] PHP Notice:  Undefined index: userUid in C:\www\Assignment5\includes\edit-inc.php on line 14
[08-Dec-2020 21:31:58 UTC] PHP Notice:  Undefined index: userPwd in C:\www\Assignment5\includes\edit-inc.php on line 15
[08-Dec-2020 21:31:58 UTC] PHP Notice:  Undefined index: userBackground in C:\www\Assignment5\includes\edit-inc.php on line 17
[08-Dec-2020 21:31:58 UTC] PHP Fatal error:  Uncaught Error: Call to undefined function mysqli_querty() in C:\www\Assignment5\includes\functions-inc.php:238
Stack trace:
#0 C:\www\Assignment5\includes\edit-inc.php(19): updateUser(Object(mysqli), '1', NULL, NULL, NULL, NULL, NULL)
#1 {main}
  thrown in C:\www\Assignment5\includes\functions-inc.php on line 238
[08-Dec-2020 21:32:55 UTC] PHP Notice:  Undefined index: userName in C:\www\Assignment5\includes\edit-inc.php on line 12
[08-Dec-2020 21:32:55 UTC] PHP Notice:  Undefined index: userEmail in C:\www\Assignment5\includes\edit-inc.php on line 13
[08-Dec-2020 21:32:55 UTC] PHP Notice:  Undefined index: userUid in C:\www\Assignment5\includes\edit-inc.php on line 14
[08-Dec-2020 21:32:55 UTC] PHP Notice:  Undefined index: userPwd in C:\www\Assignment5\includes\edit-inc.php on line 15
[08-Dec-2020 21:32:55 UTC] PHP Notice:  Undefined index: userBackground in C:\www\Assignment5\includes\edit-inc.php on line 17
[08-Dec-2020 21:32:55 UTC] PHP Fatal error:  Uncaught Error: Call to undefined function mysqli_querty() in C:\www\Assignment5\includes\functions-inc.php:238
Stack trace:
#0 C:\www\Assignment5\includes\edit-inc.php(19): updateUser(Object(mysqli), '1', NULL, NULL, NULL, NULL, NULL)
#1 {main}
  thrown in C:\www\Assignment5\includes\functions-inc.php on line 238
[08-Dec-2020 21:32:59 UTC] PHP Notice:  Undefined index: userName in C:\www\Assignment5\includes\edit-inc.php on line 12
[08-Dec-2020 21:32:59 UTC] PHP Notice:  Undefined index: userEmail in C:\www\Assignment5\includes\edit-inc.php on line 13
[08-Dec-2020 21:32:59 UTC] PHP Notice:  Undefined index: userUid in C:\www\Assignment5\includes\edit-inc.php on line 14
[08-Dec-2020 21:32:59 UTC] PHP Notice:  Undefined index: userPwd in C:\www\Assignment5\includes\edit-inc.php on line 15
[08-Dec-2020 21:32:59 UTC] PHP Notice:  Undefined index: userBackground in C:\www\Assignment5\includes\edit-inc.php on line 17
[08-Dec-2020 21:32:59 UTC] PHP Fatal error:  Uncaught Error: Call to undefined function mysqli_querty() in C:\www\Assignment5\includes\functions-inc.php:238
Stack trace:
#0 C:\www\Assignment5\includes\edit-inc.php(19): updateUser(Object(mysqli), '1', NULL, NULL, NULL, NULL, NULL)
#1 {main}
  thrown in C:\www\Assignment5\includes\functions-inc.php on line 238
[08-Dec-2020 21:33:05 UTC] PHP Notice:  Undefined index: userName in C:\www\Assignment5\includes\edit-inc.php on line 12
[08-Dec-2020 21:33:05 UTC] PHP Notice:  Undefined index: userEmail in C:\www\Assignment5\includes\edit-inc.php on line 13
[08-Dec-2020 21:33:05 UTC] PHP Notice:  Undefined index: userUid in C:\www\Assignment5\includes\edit-inc.php on line 14
[08-Dec-2020 21:33:05 UTC] PHP Notice:  Undefined index: userPwd in C:\www\Assignment5\includes\edit-inc.php on line 15
[08-Dec-2020 21:33:05 UTC] PHP Notice:  Undefined index: userBackground in C:\www\Assignment5\includes\edit-inc.php on line 17
[08-Dec-2020 21:33:05 UTC] PHP Fatal error:  Uncaught Error: Call to undefined function mysqli_querty() in C:\www\Assignment5\includes\functions-inc.php:238
Stack trace:
#0 C:\www\Assignment5\includes\edit-inc.php(19): updateUser(Object(mysqli), '1', NULL, NULL, NULL, NULL, NULL)
#1 {main}
  thrown in C:\www\Assignment5\includes\functions-inc.php on line 238
[08-Dec-2020 21:33:24 UTC] PHP Notice:  Undefined index: userName in C:\www\Assignment5\includes\edit-inc.php on line 12
[08-Dec-2020 21:33:24 UTC] PHP Notice:  Undefined index: userEmail in C:\www\Assignment5\includes\edit-inc.php on line 13
[08-Dec-2020 21:33:24 UTC] PHP Notice:  Undefined index: userUid in C:\www\Assignment5\includes\edit-inc.php on line 14
[08-Dec-2020 21:33:24 UTC] PHP Notice:  Undefined index: userPwd in C:\www\Assignment5\includes\edit-inc.php on line 15
[08-Dec-2020 21:33:24 UTC] PHP Notice:  Undefined index: userBackground in C:\www\Assignment5\includes\edit-inc.php on line 17
[08-Dec-2020 21:33:39 UTC] PHP Notice:  Undefined index: userName in C:\www\Assignment5\includes\edit-inc.php on line 12
[08-Dec-2020 21:33:40 UTC] PHP Notice:  Undefined index: userEmail in C:\www\Assignment5\includes\edit-inc.php on line 13
[08-Dec-2020 21:33:40 UTC] PHP Notice:  Undefined index: userUid in C:\www\Assignment5\includes\edit-inc.php on line 14
[08-Dec-2020 21:33:40 UTC] PHP Notice:  Undefined index: userPwd in C:\www\Assignment5\includes\edit-inc.php on line 15
[08-Dec-2020 21:33:40 UTC] PHP Notice:  Undefined index: userBackground in C:\www\Assignment5\includes\edit-inc.php on line 17
[08-Dec-2020 21:36:44 UTC] PHP Notice:  Undefined index: userName in C:\www\Assignment5\includes\edit-inc.php on line 12
[08-Dec-2020 21:36:44 UTC] PHP Notice:  Undefined index: userEmail in C:\www\Assignment5\includes\edit-inc.php on line 13
[08-Dec-2020 21:36:44 UTC] PHP Notice:  Undefined index: userUid in C:\www\Assignment5\includes\edit-inc.php on line 14
[08-Dec-2020 21:36:44 UTC] PHP Notice:  Undefined index: userPwd in C:\www\Assignment5\includes\edit-inc.php on line 15
[08-Dec-2020 21:36:44 UTC] PHP Notice:  Undefined index: userBackground in C:\www\Assignment5\includes\edit-inc.php on line 17
[08-Dec-2020 21:40:29 UTC] PHP Notice:  Undefined index: userName in C:\www\Assignment5\includes\edit-inc.php on line 12
[08-Dec-2020 21:40:29 UTC] PHP Notice:  Undefined index: userEmail in C:\www\Assignment5\includes\edit-inc.php on line 13
[08-Dec-2020 21:40:29 UTC] PHP Notice:  Undefined index: userUid in C:\www\Assignment5\includes\edit-inc.php on line 14
[08-Dec-2020 21:40:29 UTC] PHP Notice:  Undefined index: userPwd in C:\www\Assignment5\includes\edit-inc.php on line 15
[08-Dec-2020 21:40:29 UTC] PHP Notice:  Undefined index: userBackground in C:\www\Assignment5\includes\edit-inc.php on line 17
[08-Dec-2020 21:44:28 UTC] PHP Fatal error:  Cannot use isset() on the result of an expression (you can use "null !== expression" instead) in C:\www\Assignment5\includes\edit-inc.php on line 3
[08-Dec-2020 21:45:47 UTC] PHP Fatal error:  Cannot use isset() on the result of an expression (you can use "null !== expression" instead) in C:\www\Assignment5\includes\edit-inc.php on line 3
[08-Dec-2020 21:49:55 UTC] PHP Notice:  Undefined index: id in C:\www\Assignment5\includes\edit-inc.php on line 11
[08-Dec-2020 21:52:01 UTC] PHP Parse error:  syntax error, unexpected '"', expecting ';' or ',' in C:\www\Assignment5\includes\functions-inc.php on line 210
[08-Dec-2020 21:52:24 UTC] PHP Notice:  Undefined index: id in C:\www\Assignment5\includes\edit-inc.php on line 11
[08-Dec-2020 21:52:59 UTC] PHP Notice:  Undefined index: id in C:\www\Assignment5\includes\edit-inc.php on line 11
[08-Dec-2020 21:54:11 UTC] PHP Notice:  Undefined index: id in C:\www\Assignment5\includes\edit-inc.php on line 11
[08-Dec-2020 21:55:03 UTC] PHP Notice:  Undefined index: id in C:\www\Assignment5\includes\edit-inc.php on line 11
[08-Dec-2020 22:36:49 UTC] PHP Notice:  Undefined index: id in C:\www\Assignment5\includes\edit-inc.php on line 11
[08-Dec-2020 22:36:49 UTC] PHP Notice:  Undefined index: userName in C:\www\Assignment5\includes\edit-inc.php on line 12
[08-Dec-2020 22:36:50 UTC] PHP Notice:  Undefined index: userEmail in C:\www\Assignment5\includes\edit-inc.php on line 13
[08-Dec-2020 22:36:50 UTC] PHP Notice:  Undefined index: userUid in C:\www\Assignment5\includes\edit-inc.php on line 14
[08-Dec-2020 22:36:50 UTC] PHP Notice:  Undefined index: userPwd in C:\www\Assignment5\includes\edit-inc.php on line 15
[08-Dec-2020 22:36:50 UTC] PHP Notice:  Undefined index: userBackground in C:\www\Assignment5\includes\edit-inc.php on line 18
[08-Dec-2020 22:37:37 UTC] PHP Notice:  Undefined variable: _SESSION in C:\www\Assignment5\includes\edit-inc.php on line 3
[08-Dec-2020 22:37:37 UTC] PHP Notice:  Trying to access array offset on value of type null in C:\www\Assignment5\includes\edit-inc.php on line 3
[08-Dec-2020 22:37:37 UTC] PHP Notice:  Undefined index: id in C:\www\Assignment5\includes\edit-inc.php on line 11
[08-Dec-2020 22:37:37 UTC] PHP Notice:  Undefined index: userName in C:\www\Assignment5\includes\edit-inc.php on line 12
[08-Dec-2020 22:37:37 UTC] PHP Notice:  Undefined index: userEmail in C:\www\Assignment5\includes\edit-inc.php on line 13
[08-Dec-2020 22:37:37 UTC] PHP Notice:  Undefined index: userUid in C:\www\Assignment5\includes\edit-inc.php on line 14
[08-Dec-2020 22:37:37 UTC] PHP Notice:  Undefined index: userPwd in C:\www\Assignment5\includes\edit-inc.php on line 15
[08-Dec-2020 22:37:37 UTC] PHP Notice:  Undefined index: userBackground in C:\www\Assignment5\includes\edit-inc.php on line 18
[08-Dec-2020 22:38:01 UTC] PHP Notice:  Undefined variable: _SESSION in C:\www\Assignment5\includes\edit-inc.php on line 2
[08-Dec-2020 22:38:01 UTC] PHP Notice:  Trying to access array offset on value of type null in C:\www\Assignment5\includes\edit-inc.php on line 2
[08-Dec-2020 22:38:01 UTC] PHP Notice:  Undefined index: id in C:\www\Assignment5\includes\edit-inc.php on line 10
[08-Dec-2020 22:38:01 UTC] PHP Notice:  Undefined index: userName in C:\www\Assignment5\includes\edit-inc.php on line 11
[08-Dec-2020 22:38:01 UTC] PHP Notice:  Undefined index: userEmail in C:\www\Assignment5\includes\edit-inc.php on line 12
[08-Dec-2020 22:38:01 UTC] PHP Notice:  Undefined index: userUid in C:\www\Assignment5\includes\edit-inc.php on line 13
[08-Dec-2020 22:38:01 UTC] PHP Notice:  Undefined index: userPwd in C:\www\Assignment5\includes\edit-inc.php on line 14
[08-Dec-2020 22:38:01 UTC] PHP Notice:  Undefined index: userBackground in C:\www\Assignment5\includes\edit-inc.php on line 17
[08-Dec-2020 22:51:10 UTC] PHP Notice:  Undefined index: id in C:\www\Assignment5\includes\delete-inc.php on line 11
[08-Dec-2020 22:51:47 UTC] PHP Notice:  Undefined variable: _SESSION in C:\www\Assignment5\includes\edit-inc.php on line 2
[08-Dec-2020 22:51:47 UTC] PHP Notice:  Trying to access array offset on value of type null in C:\www\Assignment5\includes\edit-inc.php on line 2
[08-Dec-2020 22:51:47 UTC] PHP Notice:  Undefined index: id in C:\www\Assignment5\includes\edit-inc.php on line 10
[08-Dec-2020 22:51:47 UTC] PHP Notice:  Undefined index: userName in C:\www\Assignment5\includes\edit-inc.php on line 11
[08-Dec-2020 22:51:47 UTC] PHP Notice:  Undefined index: userEmail in C:\www\Assignment5\includes\edit-inc.php on line 12
[08-Dec-2020 22:51:47 UTC] PHP Notice:  Undefined index: userUid in C:\www\Assignment5\includes\edit-inc.php on line 13
[08-Dec-2020 22:51:47 UTC] PHP Notice:  Undefined index: userPwd in C:\www\Assignment5\includes\edit-inc.php on line 14
[08-Dec-2020 22:51:48 UTC] PHP Notice:  Undefined index: userBackground in C:\www\Assignment5\includes\edit-inc.php on line 17
[08-Dec-2020 22:52:45 UTC] PHP Notice:  Undefined variable: _SESSION in C:\www\Assignment5\includes\edit-inc.php on line 2
[08-Dec-2020 22:52:45 UTC] PHP Notice:  Trying to access array offset on value of type null in C:\www\Assignment5\includes\edit-inc.php on line 2
[08-Dec-2020 22:52:45 UTC] PHP Notice:  Undefined index: id in C:\www\Assignment5\includes\edit-inc.php on line 10
[08-Dec-2020 22:52:45 UTC] PHP Notice:  Undefined index: userName in C:\www\Assignment5\includes\edit-inc.php on line 11
[08-Dec-2020 22:52:45 UTC] PHP Notice:  Undefined index: userEmail in C:\www\Assignment5\includes\edit-inc.php on line 12
[08-Dec-2020 22:52:45 UTC] PHP Notice:  Undefined index: userUid in C:\www\Assignment5\includes\edit-inc.php on line 13
[08-Dec-2020 22:52:45 UTC] PHP Notice:  Undefined index: userPwd in C:\www\Assignment5\includes\edit-inc.php on line 14
[08-Dec-2020 22:52:46 UTC] PHP Notice:  Undefined index: userBackground in C:\www\Assignment5\includes\edit-inc.php on line 17
[08-Dec-2020 22:55:42 UTC] PHP Notice:  Undefined index: id in C:\www\Assignment5\includes\edit-inc.php on line 14
[08-Dec-2020 22:55:42 UTC] PHP Notice:  Undefined index: userName in C:\www\Assignment5\includes\edit-inc.php on line 15
[08-Dec-2020 22:55:42 UTC] PHP Notice:  Undefined index: userEmail in C:\www\Assignment5\includes\edit-inc.php on line 16
[08-Dec-2020 22:55:42 UTC] PHP Notice:  Undefined index: userUid in C:\www\Assignment5\includes\edit-inc.php on line 17
[08-Dec-2020 22:55:42 UTC] PHP Notice:  Undefined index: userPwd in C:\www\Assignment5\includes\edit-inc.php on line 18
[08-Dec-2020 22:55:42 UTC] PHP Notice:  Undefined index: userBackground in C:\www\Assignment5\includes\edit-inc.php on line 21
[08-Dec-2020 22:55:57 UTC] PHP Notice:  Undefined index: id in C:\www\Assignment5\includes\edit-inc.php on line 14
[08-Dec-2020 22:55:57 UTC] PHP Notice:  Undefined index: userName in C:\www\Assignment5\includes\edit-inc.php on line 15
[08-Dec-2020 22:55:57 UTC] PHP Notice:  Undefined index: userEmail in C:\www\Assignment5\includes\edit-inc.php on line 16
[08-Dec-2020 22:55:57 UTC] PHP Notice:  Undefined index: userUid in C:\www\Assignment5\includes\edit-inc.php on line 17
[08-Dec-2020 22:55:57 UTC] PHP Notice:  Undefined index: userPwd in C:\www\Assignment5\includes\edit-inc.php on line 18
[08-Dec-2020 22:55:57 UTC] PHP Notice:  Undefined index: userBackground in C:\www\Assignment5\includes\edit-inc.php on line 21
[08-Dec-2020 23:01:56 UTC] PHP Notice:  Undefined variable: _SESSION in C:\www\Assignment5\includes\edit-inc.php on line 2
[08-Dec-2020 23:01:56 UTC] PHP Notice:  Trying to access array offset on value of type null in C:\www\Assignment5\includes\edit-inc.php on line 2
[08-Dec-2020 23:02:07 UTC] PHP Notice:  Undefined variable: _SESSION in C:\www\Assignment5\includes\edit-inc.php on line 2
[08-Dec-2020 23:02:07 UTC] PHP Notice:  Trying to access array offset on value of type null in C:\www\Assignment5\includes\edit-inc.php on line 2
[08-Dec-2020 23:03:10 UTC] PHP Parse error:  syntax error, unexpected '===' (T_IS_IDENTICAL) in C:\www\Assignment5\includes\delete-inc.php on line 3
[08-Dec-2020 23:04:10 UTC] PHP Parse error:  syntax error, unexpected '===' (T_IS_IDENTICAL) in C:\www\Assignment5\includes\delete-inc.php on line 2
[08-Dec-2020 23:04:13 UTC] PHP Parse error:  syntax error, unexpected '===' (T_IS_IDENTICAL) in C:\www\Assignment5\includes\delete-inc.php on line 2
[08-Dec-2020 23:04:31 UTC] PHP Parse error:  syntax error, unexpected '===' (T_IS_IDENTICAL) in C:\www\Assignment5\includes\delete-inc.php on line 2
[08-Dec-2020 23:04:33 UTC] PHP Parse error:  syntax error, unexpected '===' (T_IS_IDENTICAL) in C:\www\Assignment5\includes\delete-inc.php on line 2
[08-Dec-2020 23:04:43 UTC] PHP Notice:  Undefined variable: _SESSION in C:\www\Assignment5\includes\delete-inc.php on line 2
[08-Dec-2020 23:04:43 UTC] PHP Notice:  Trying to access array offset on value of type null in C:\www\Assignment5\includes\delete-inc.php on line 2
[08-Dec-2020 23:04:55 UTC] PHP Notice:  Undefined variable: _SESSION in C:\www\Assignment5\includes\delete-inc.php on line 2
[08-Dec-2020 23:04:55 UTC] PHP Notice:  Trying to access array offset on value of type null in C:\www\Assignment5\includes\delete-inc.php on line 2
[08-Dec-2020 23:07:32 UTC] PHP Notice:  Undefined variable: _SESSION in C:\www\Assignment5\includes\edit-inc.php on line 2
[08-Dec-2020 23:07:32 UTC] PHP Notice:  Trying to access array offset on value of type null in C:\www\Assignment5\includes\edit-inc.php on line 2
[08-Dec-2020 23:07:47 UTC] PHP Notice:  Undefined variable: _SESSION in C:\www\Assignment5\includes\edit-inc.php on line 2
[08-Dec-2020 23:07:47 UTC] PHP Notice:  Trying to access array offset on value of type null in C:\www\Assignment5\includes\edit-inc.php on line 2
[08-Dec-2020 23:08:11 UTC] PHP Notice:  Undefined variable: _SESSION in C:\www\Assignment5\includes\edit-inc.php on line 2
[08-Dec-2020 23:08:11 UTC] PHP Notice:  Trying to access array offset on value of type null in C:\www\Assignment5\includes\edit-inc.php on line 2
[08-Dec-2020 23:08:27 UTC] PHP Notice:  Undefined variable: _SESSION in C:\www\Assignment5\includes\delete-inc.php on line 2
[08-Dec-2020 23:08:27 UTC] PHP Notice:  Trying to access array offset on value of type null in C:\www\Assignment5\includes\delete-inc.php on line 2
[08-Dec-2020 23:11:03 UTC] PHP Notice:  Undefined variable: _SESSION in C:\www\Assignment5\includes\delete-inc.php on line 2
[08-Dec-2020 23:11:04 UTC] PHP Notice:  Trying to access array offset on value of type null in C:\www\Assignment5\includes\delete-inc.php on line 2
[08-Dec-2020 23:20:38 UTC] PHP Notice:  session_start(): A session had already been started - ignoring in C:\www\Assignment5\includes\functions-inc.php on line 239
[09-Dec-2020 21:34:08 UTC] PHP Notice:  Undefined index: id in C:\www\Assignment5\includes\profile-inc.php on line 7
[09-Dec-2020 21:34:08 UTC] PHP Notice:  Undefined index: userPwd in C:\www\Assignment5\includes\profile-inc.php on line 8
[09-Dec-2020 21:34:08 UTC] PHP Notice:  Undefined index: pwdrepeat in C:\www\Assignment5\includes\profile-inc.php on line 9
[09-Dec-2020 21:34:08 UTC] PHP Notice:  Undefined index: userBackground in C:\www\Assignment5\includes\profile-inc.php on line 10
[09-Dec-2020 21:35:44 UTC] PHP Notice:  Undefined variable: _SESSION in C:\www\Assignment5\includes\profile-inc.php on line 7
[09-Dec-2020 21:35:44 UTC] PHP Notice:  Trying to access array offset on value of type null in C:\www\Assignment5\includes\profile-inc.php on line 7
[09-Dec-2020 21:35:49 UTC] PHP Notice:  Undefined variable: _SESSION in C:\www\Assignment5\includes\profile-inc.php on line 7
[09-Dec-2020 21:35:49 UTC] PHP Notice:  Trying to access array offset on value of type null in C:\www\Assignment5\includes\profile-inc.php on line 7
[09-Dec-2020 21:45:25 UTC] PHP Notice:  Undefined variable: _SESSION in C:\www\Assignment5\includes\profile-inc.php on line 7
[09-Dec-2020 21:45:25 UTC] PHP Notice:  Trying to access array offset on value of type null in C:\www\Assignment5\includes\profile-inc.php on line 7
[09-Dec-2020 21:45:33 UTC] PHP Notice:  Undefined variable: _SESSION in C:\www\Assignment5\includes\profile-inc.php on line 7
[09-Dec-2020 21:45:33 UTC] PHP Notice:  Trying to access array offset on value of type null in C:\www\Assignment5\includes\profile-inc.php on line 7
[09-Dec-2020 21:49:59 UTC] PHP Notice:  Undefined variable: _SESSION in C:\www\Assignment5\includes\profile-inc.php on line 7
[09-Dec-2020 21:49:59 UTC] PHP Notice:  Trying to access array offset on value of type null in C:\www\Assignment5\includes\profile-inc.php on line 7
[09-Dec-2020 21:49:59 UTC] PHP Notice:  Undefined variable: uid in C:\www\Assignment5\includes\profile-inc.php on line 16
[09-Dec-2020 21:50:18 UTC] PHP Notice:  Undefined variable: _SESSION in C:\www\Assignment5\includes\profile-inc.php on line 7
[09-Dec-2020 21:50:18 UTC] PHP Notice:  Trying to access array offset on value of type null in C:\www\Assignment5\includes\profile-inc.php on line 7
[09-Dec-2020 21:50:49 UTC] PHP Notice:  Undefined index: id in C:\www\Assignment5\includes\profile-inc.php on line 8
[09-Dec-2020 22:03:02 UTC] PHP Warning:  mysqli_stmt_bind_param(): invalid object or resource mysqli_stmt
 in C:\www\Assignment5\includes\functions-inc.php on line 283
[09-Dec-2020 22:03:02 UTC] PHP Warning:  mysqli_stmt_execute(): invalid object or resource mysqli_stmt
 in C:\www\Assignment5\includes\functions-inc.php on line 284
[09-Dec-2020 22:03:02 UTC] PHP Warning:  mysqli_stmt_close(): invalid object or resource mysqli_stmt
 in C:\www\Assignment5\includes\functions-inc.php on line 285
[09-Dec-2020 22:38:15 UTC] PHP Notice:  Undefined variable: pwdRepeat in C:\www\Assignment5\includes\edit-inc.php on line 17
[09-Dec-2020 22:38:50 UTC] PHP Notice:  Undefined variable: pwdRepeat in C:\www\Assignment5\includes\edit-inc.php on line 17
[09-Dec-2020 22:39:55 UTC] PHP Notice:  Undefined variable: pwdRepeat in C:\www\Assignment5\includes\edit-inc.php on line 17
[09-Dec-2020 22:41:38 UTC] PHP Notice:  Undefined variable: pwdRepeat in C:\www\Assignment5\includes\edit-inc.php on line 17
[09-Dec-2020 22:42:49 UTC] PHP Notice:  Undefined variable: pwdRepeat in C:\www\Assignment5\includes\edit-inc.php on line 17
[09-Dec-2020 22:43:13 UTC] PHP Notice:  Undefined variable: pwdRepeat in C:\www\Assignment5\includes\edit-inc.php on line 17
[09-Dec-2020 22:43:50 UTC] PHP Fatal error:  Uncaught ArgumentCountError: Too few arguments to function emptyInputSignup(), 4 passed in C:\www\Assignment5\includes\edit-inc.php on line 17 and exactly 5 expected in C:\www\Assignment5\includes\functions-inc.php:4
Stack trace:
#0 C:\www\Assignment5\includes\edit-inc.php(17): emptyInputSignup('Joe', 'joe@joe.com', 'Joe', '')
#1 {main}
  thrown in C:\www\Assignment5\includes\functions-inc.php on line 4
[09-Dec-2020 22:44:52 UTC] PHP Fatal error:  Cannot redeclare emptyInputSignup() (previously declared in C:\www\Assignment5\includes\functions-inc.php:4) in C:\www\Assignment5\includes\functions-inc.php on line 16
